<?xml version="1.0" encoding="UTF-8"?>
<testsuite name="com.opencelium.csvtoapi.CsvtoapiApplicationTests" tests="1" skipped="0" failures="0" errors="0" timestamp="2022-06-20T09:01:20" hostname="oc-test" time="0.339">
  <properties/>
  <testcase name="contextLoads()" classname="com.opencelium.csvtoapi.CsvtoapiApplicationTests" time="0.339"/>
  <system-out><![CDATA[09:01:17.343 [Test worker] DEBUG org.springframework.test.context.BootstrapUtils - Instantiating CacheAwareContextLoaderDelegate from class [org.springframework.test.context.cache.DefaultCacheAwareContextLoaderDelegate]
09:01:17.358 [Test worker] DEBUG org.springframework.test.context.BootstrapUtils - Instantiating BootstrapContext using constructor [public org.springframework.test.context.support.DefaultBootstrapContext(java.lang.Class,org.springframework.test.context.CacheAwareContextLoaderDelegate)]
09:01:17.401 [Test worker] DEBUG org.springframework.test.context.BootstrapUtils - Instantiating TestContextBootstrapper for test class [com.opencelium.csvtoapi.CsvtoapiApplicationTests] from class [org.springframework.boot.test.context.SpringBootTestContextBootstrapper]
09:01:17.413 [Test worker] INFO org.springframework.boot.test.context.SpringBootTestContextBootstrapper - Neither @ContextConfiguration nor @ContextHierarchy found for test class [com.opencelium.csvtoapi.CsvtoapiApplicationTests], using SpringBootContextLoader
09:01:17.419 [Test worker] DEBUG org.springframework.test.context.support.AbstractContextLoader - Did not detect default resource location for test class [com.opencelium.csvtoapi.CsvtoapiApplicationTests]: class path resource [com/opencelium/csvtoapi/CsvtoapiApplicationTests-context.xml] does not exist
09:01:17.421 [Test worker] DEBUG org.springframework.test.context.support.AbstractContextLoader - Did not detect default resource location for test class [com.opencelium.csvtoapi.CsvtoapiApplicationTests]: class path resource [com/opencelium/csvtoapi/CsvtoapiApplicationTestsContext.groovy] does not exist
09:01:17.422 [Test worker] INFO org.springframework.test.context.support.AbstractContextLoader - Could not detect default resource locations for test class [com.opencelium.csvtoapi.CsvtoapiApplicationTests]: no resource found for suffixes {-context.xml, Context.groovy}.
09:01:17.423 [Test worker] INFO org.springframework.test.context.support.AnnotationConfigContextLoaderUtils - Could not detect default configuration classes for test class [com.opencelium.csvtoapi.CsvtoapiApplicationTests]: CsvtoapiApplicationTests does not declare any static, non-private, non-final, nested classes annotated with @Configuration.
09:01:17.469 [Test worker] DEBUG org.springframework.test.context.support.ActiveProfilesUtils - Could not find an 'annotation declaring class' for annotation type [org.springframework.test.context.ActiveProfiles] and class [com.opencelium.csvtoapi.CsvtoapiApplicationTests]
09:01:17.570 [Test worker] DEBUG org.springframework.context.annotation.ClassPathScanningCandidateComponentProvider - Identified candidate component class: file [/var/csv2api/build/classes/java/main/com/opencelium/csvtoapi/CsvtoapiApplication.class]
09:01:17.579 [Test worker] INFO org.springframework.boot.test.context.SpringBootTestContextBootstrapper - Found @SpringBootConfiguration com.opencelium.csvtoapi.CsvtoapiApplication for test class com.opencelium.csvtoapi.CsvtoapiApplicationTests
09:01:17.695 [Test worker] DEBUG org.springframework.boot.test.context.SpringBootTestContextBootstrapper - @TestExecutionListeners is not present for class [com.opencelium.csvtoapi.CsvtoapiApplicationTests]: using defaults.
09:01:17.696 [Test worker] INFO org.springframework.boot.test.context.SpringBootTestContextBootstrapper - Loaded default TestExecutionListener class names from location [META-INF/spring.factories]: [org.springframework.boot.test.autoconfigure.restdocs.RestDocsTestExecutionListener, org.springframework.boot.test.autoconfigure.web.client.MockRestServiceServerResetTestExecutionListener, org.springframework.boot.test.autoconfigure.web.servlet.MockMvcPrintOnlyOnFailureTestExecutionListener, org.springframework.boot.test.autoconfigure.web.servlet.WebDriverTestExecutionListener, org.springframework.boot.test.autoconfigure.webservices.client.MockWebServiceServerTestExecutionListener, org.springframework.boot.test.mock.mockito.MockitoTestExecutionListener, org.springframework.boot.test.mock.mockito.ResetMocksTestExecutionListener, org.springframework.test.context.web.ServletTestExecutionListener, org.springframework.test.context.support.DirtiesContextBeforeModesTestExecutionListener, org.springframework.test.context.event.ApplicationEventsTestExecutionListener, org.springframework.test.context.support.DependencyInjectionTestExecutionListener, org.springframework.test.context.support.DirtiesContextTestExecutionListener, org.springframework.test.context.transaction.TransactionalTestExecutionListener, org.springframework.test.context.jdbc.SqlScriptsTestExecutionListener, org.springframework.test.context.event.EventPublishingTestExecutionListener]
09:01:17.707 [Test worker] DEBUG org.springframework.boot.test.context.SpringBootTestContextBootstrapper - Skipping candidate TestExecutionListener [org.springframework.test.context.transaction.TransactionalTestExecutionListener] due to a missing dependency. Specify custom listener classes or make the default listener classes and their required dependencies available. Offending class: [org/springframework/transaction/TransactionDefinition]
09:01:17.707 [Test worker] DEBUG org.springframework.boot.test.context.SpringBootTestContextBootstrapper - Skipping candidate TestExecutionListener [org.springframework.test.context.jdbc.SqlScriptsTestExecutionListener] due to a missing dependency. Specify custom listener classes or make the default listener classes and their required dependencies available. Offending class: [org/springframework/transaction/interceptor/TransactionAttribute]
09:01:17.710 [Test worker] INFO org.springframework.boot.test.context.SpringBootTestContextBootstrapper - Using TestExecutionListeners: [org.springframework.test.context.web.ServletTestExecutionListener@1821ddf, org.springframework.test.context.support.DirtiesContextBeforeModesTestExecutionListener@4314f230, org.springframework.test.context.event.ApplicationEventsTestExecutionListener@77fc92e3, org.springframework.boot.test.mock.mockito.MockitoTestExecutionListener@158d7479, org.springframework.boot.test.autoconfigure.SpringBootDependencyInjectionTestExecutionListener@4f0eff2, org.springframework.test.context.support.DirtiesContextTestExecutionListener@6091082e, org.springframework.test.context.event.EventPublishingTestExecutionListener@73e9e555, org.springframework.boot.test.autoconfigure.restdocs.RestDocsTestExecutionListener@d3979ed, org.springframework.boot.test.autoconfigure.web.client.MockRestServiceServerResetTestExecutionListener@eb598c7, org.springframework.boot.test.autoconfigure.web.servlet.MockMvcPrintOnlyOnFailureTestExecutionListener@668d2147, org.springframework.boot.test.autoconfigure.web.servlet.WebDriverTestExecutionListener@5a72a38e, org.springframework.boot.test.autoconfigure.webservices.client.MockWebServiceServerTestExecutionListener@1cc24f3c, org.springframework.boot.test.mock.mockito.ResetMocksTestExecutionListener@3e939fc3]
09:01:17.715 [Test worker] DEBUG org.springframework.test.context.support.AbstractDirtiesContextTestExecutionListener - Before test class: context [DefaultTestContext@7aa2c405 testClass = CsvtoapiApplicationTests, testInstance = [null], testMethod = [null], testException = [null], mergedContextConfiguration = [WebMergedContextConfiguration@7bc2b9df testClass = CsvtoapiApplicationTests, locations = '{}', classes = '{class com.opencelium.csvtoapi.CsvtoapiApplication}', contextInitializerClasses = '[]', activeProfiles = '{}', propertySourceLocations = '{}', propertySourceProperties = '{org.springframework.boot.test.context.SpringBootTestContextBootstrapper=true}', contextCustomizers = set[org.springframework.boot.test.autoconfigure.actuate.metrics.MetricsExportContextCustomizerFactory$DisableMetricExportContextCustomizer@2dec69e4, org.springframework.boot.test.autoconfigure.properties.PropertyMappingContextCustomizer@0, org.springframework.boot.test.autoconfigure.web.servlet.WebDriverContextCustomizerFactory$Customizer@459e2194, org.springframework.boot.test.context.filter.ExcludeFilterContextCustomizer@5ab9a020, org.springframework.boot.test.json.DuplicateJsonObjectContextCustomizerFactory$DuplicateJsonObjectContextCustomizer@148d8893, org.springframework.boot.test.mock.mockito.MockitoContextCustomizer@0, org.springframework.boot.test.web.client.TestRestTemplateContextCustomizer@233fc0de, org.springframework.boot.test.context.SpringBootTestArgs@1, org.springframework.boot.test.context.SpringBootTestWebEnvironment@53f1edd4], resourceBasePath = 'src/main/webapp', contextLoader = 'org.springframework.boot.test.context.SpringBootContextLoader', parent = [null]], attributes = map['org.springframework.test.context.web.ServletTestExecutionListener.activateListener' -> true]], class annotated with @DirtiesContext [false] with mode [null].

  .   ____          _            __ _ _
 /\\ / ___'_ __ _ _(_)_ __  __ _ \ \ \ \
( ( )\___ | '_ | '_| | '_ \/ _` | \ \ \ \
 \\/  ___)| |_)| | | | | || (_| |  ) ) ) )
  '  |____| .__|_| |_|_| |_\__, | / / / /
 =========|_|==============|___/=/_/_/_/
 :: Spring Boot ::                (v2.6.3)

2022-06-20 09:01:18.257  INFO 8839 --- [    Test worker] c.o.csvtoapi.CsvtoapiApplicationTests    : Starting CsvtoapiApplicationTests using Java 1.8.0_312 on oc-test with PID 8839 (started by root in /var/csv2api)
2022-06-20 09:01:18.258  INFO 8839 --- [    Test worker] c.o.csvtoapi.CsvtoapiApplicationTests    : No active profile set, falling back to default profiles: default
2022-06-20 09:01:20.388  INFO 8839 --- [    Test worker] c.o.csvtoapi.CsvtoapiApplicationTests    : Started CsvtoapiApplicationTests in 2.624 seconds (JVM running for 3.897)
]]></system-out>
  <system-err><![CDATA[]]></system-err>
</testsuite>
