<?xml version="1.0" encoding="UTF-8"?>
<testsuite name="com.opencelium.csvtoapi.CsvtoapiApplicationTests" tests="1" skipped="0" failures="0" errors="0" timestamp="2022-06-20T08:20:28" hostname="oc-test" time="0.339">
  <properties/>
  <testcase name="contextLoads()" classname="com.opencelium.csvtoapi.CsvtoapiApplicationTests" time="0.339"/>
  <system-out><![CDATA[08:20:25.109 [Test worker] DEBUG org.springframework.test.context.BootstrapUtils - Instantiating CacheAwareContextLoaderDelegate from class [org.springframework.test.context.cache.DefaultCacheAwareContextLoaderDelegate]
08:20:25.128 [Test worker] DEBUG org.springframework.test.context.BootstrapUtils - Instantiating BootstrapContext using constructor [public org.springframework.test.context.support.DefaultBootstrapContext(java.lang.Class,org.springframework.test.context.CacheAwareContextLoaderDelegate)]
08:20:25.182 [Test worker] DEBUG org.springframework.test.context.BootstrapUtils - Instantiating TestContextBootstrapper for test class [com.opencelium.csvtoapi.CsvtoapiApplicationTests] from class [org.springframework.boot.test.context.SpringBootTestContextBootstrapper]
08:20:25.195 [Test worker] INFO org.springframework.boot.test.context.SpringBootTestContextBootstrapper - Neither @ContextConfiguration nor @ContextHierarchy found for test class [com.opencelium.csvtoapi.CsvtoapiApplicationTests], using SpringBootContextLoader
08:20:25.200 [Test worker] DEBUG org.springframework.test.context.support.AbstractContextLoader - Did not detect default resource location for test class [com.opencelium.csvtoapi.CsvtoapiApplicationTests]: class path resource [com/opencelium/csvtoapi/CsvtoapiApplicationTests-context.xml] does not exist
08:20:25.200 [Test worker] DEBUG org.springframework.test.context.support.AbstractContextLoader - Did not detect default resource location for test class [com.opencelium.csvtoapi.CsvtoapiApplicationTests]: class path resource [com/opencelium/csvtoapi/CsvtoapiApplicationTestsContext.groovy] does not exist
08:20:25.201 [Test worker] INFO org.springframework.test.context.support.AbstractContextLoader - Could not detect default resource locations for test class [com.opencelium.csvtoapi.CsvtoapiApplicationTests]: no resource found for suffixes {-context.xml, Context.groovy}.
08:20:25.201 [Test worker] INFO org.springframework.test.context.support.AnnotationConfigContextLoaderUtils - Could not detect default configuration classes for test class [com.opencelium.csvtoapi.CsvtoapiApplicationTests]: CsvtoapiApplicationTests does not declare any static, non-private, non-final, nested classes annotated with @Configuration.
08:20:25.259 [Test worker] DEBUG org.springframework.test.context.support.ActiveProfilesUtils - Could not find an 'annotation declaring class' for annotation type [org.springframework.test.context.ActiveProfiles] and class [com.opencelium.csvtoapi.CsvtoapiApplicationTests]
08:20:25.358 [Test worker] DEBUG org.springframework.context.annotation.ClassPathScanningCandidateComponentProvider - Identified candidate component class: file [/var/csv2api/build/classes/java/main/com/opencelium/csvtoapi/CsvtoapiApplication.class]
08:20:25.364 [Test worker] INFO org.springframework.boot.test.context.SpringBootTestContextBootstrapper - Found @SpringBootConfiguration com.opencelium.csvtoapi.CsvtoapiApplication for test class com.opencelium.csvtoapi.CsvtoapiApplicationTests
08:20:25.469 [Test worker] DEBUG org.springframework.boot.test.context.SpringBootTestContextBootstrapper - @TestExecutionListeners is not present for class [com.opencelium.csvtoapi.CsvtoapiApplicationTests]: using defaults.
08:20:25.471 [Test worker] INFO org.springframework.boot.test.context.SpringBootTestContextBootstrapper - Loaded default TestExecutionListener class names from location [META-INF/spring.factories]: [org.springframework.boot.test.autoconfigure.restdocs.RestDocsTestExecutionListener, org.springframework.boot.test.autoconfigure.web.client.MockRestServiceServerResetTestExecutionListener, org.springframework.boot.test.autoconfigure.web.servlet.MockMvcPrintOnlyOnFailureTestExecutionListener, org.springframework.boot.test.autoconfigure.web.servlet.WebDriverTestExecutionListener, org.springframework.boot.test.autoconfigure.webservices.client.MockWebServiceServerTestExecutionListener, org.springframework.boot.test.mock.mockito.MockitoTestExecutionListener, org.springframework.boot.test.mock.mockito.ResetMocksTestExecutionListener, org.springframework.test.context.web.ServletTestExecutionListener, org.springframework.test.context.support.DirtiesContextBeforeModesTestExecutionListener, org.springframework.test.context.event.ApplicationEventsTestExecutionListener, org.springframework.test.context.support.DependencyInjectionTestExecutionListener, org.springframework.test.context.support.DirtiesContextTestExecutionListener, org.springframework.test.context.transaction.TransactionalTestExecutionListener, org.springframework.test.context.jdbc.SqlScriptsTestExecutionListener, org.springframework.test.context.event.EventPublishingTestExecutionListener]
08:20:25.482 [Test worker] DEBUG org.springframework.boot.test.context.SpringBootTestContextBootstrapper - Skipping candidate TestExecutionListener [org.springframework.test.context.transaction.TransactionalTestExecutionListener] due to a missing dependency. Specify custom listener classes or make the default listener classes and their required dependencies available. Offending class: [org/springframework/transaction/TransactionDefinition]
08:20:25.483 [Test worker] DEBUG org.springframework.boot.test.context.SpringBootTestContextBootstrapper - Skipping candidate TestExecutionListener [org.springframework.test.context.jdbc.SqlScriptsTestExecutionListener] due to a missing dependency. Specify custom listener classes or make the default listener classes and their required dependencies available. Offending class: [org/springframework/transaction/interceptor/TransactionAttribute]
08:20:25.484 [Test worker] INFO org.springframework.boot.test.context.SpringBootTestContextBootstrapper - Using TestExecutionListeners: [org.springframework.test.context.web.ServletTestExecutionListener@5c7dba04, org.springframework.test.context.support.DirtiesContextBeforeModesTestExecutionListener@68eff4f5, org.springframework.test.context.event.ApplicationEventsTestExecutionListener@30fb0e2e, org.springframework.boot.test.mock.mockito.MockitoTestExecutionListener@21c8112f, org.springframework.boot.test.autoconfigure.SpringBootDependencyInjectionTestExecutionListener@10d42288, org.springframework.test.context.support.DirtiesContextTestExecutionListener@78b243b, org.springframework.test.context.event.EventPublishingTestExecutionListener@6f69c09a, org.springframework.boot.test.autoconfigure.restdocs.RestDocsTestExecutionListener@e49f531, org.springframework.boot.test.autoconfigure.web.client.MockRestServiceServerResetTestExecutionListener@3fb84612, org.springframework.boot.test.autoconfigure.web.servlet.MockMvcPrintOnlyOnFailureTestExecutionListener@61cc0722, org.springframework.boot.test.autoconfigure.web.servlet.WebDriverTestExecutionListener@40007691, org.springframework.boot.test.autoconfigure.webservices.client.MockWebServiceServerTestExecutionListener@121f3dd, org.springframework.boot.test.mock.mockito.ResetMocksTestExecutionListener@7cd4ad3d]
08:20:25.488 [Test worker] DEBUG org.springframework.test.context.support.AbstractDirtiesContextTestExecutionListener - Before test class: context [DefaultTestContext@1f370fe4 testClass = CsvtoapiApplicationTests, testInstance = [null], testMethod = [null], testException = [null], mergedContextConfiguration = [WebMergedContextConfiguration@1428e896 testClass = CsvtoapiApplicationTests, locations = '{}', classes = '{class com.opencelium.csvtoapi.CsvtoapiApplication}', contextInitializerClasses = '[]', activeProfiles = '{}', propertySourceLocations = '{}', propertySourceProperties = '{org.springframework.boot.test.context.SpringBootTestContextBootstrapper=true}', contextCustomizers = set[org.springframework.boot.test.autoconfigure.actuate.metrics.MetricsExportContextCustomizerFactory$DisableMetricExportContextCustomizer@2f39c912, org.springframework.boot.test.autoconfigure.properties.PropertyMappingContextCustomizer@0, org.springframework.boot.test.autoconfigure.web.servlet.WebDriverContextCustomizerFactory$Customizer@dd4a448, org.springframework.boot.test.context.filter.ExcludeFilterContextCustomizer@6e454990, org.springframework.boot.test.json.DuplicateJsonObjectContextCustomizerFactory$DuplicateJsonObjectContextCustomizer@3b36f2ce, org.springframework.boot.test.mock.mockito.MockitoContextCustomizer@0, org.springframework.boot.test.web.client.TestRestTemplateContextCustomizer@3a011805, org.springframework.boot.test.context.SpringBootTestArgs@1, org.springframework.boot.test.context.SpringBootTestWebEnvironment@2fef1e33], resourceBasePath = 'src/main/webapp', contextLoader = 'org.springframework.boot.test.context.SpringBootContextLoader', parent = [null]], attributes = map['org.springframework.test.context.web.ServletTestExecutionListener.activateListener' -> true]], class annotated with @DirtiesContext [false] with mode [null].

  .   ____          _            __ _ _
 /\\ / ___'_ __ _ _(_)_ __  __ _ \ \ \ \
( ( )\___ | '_ | '_| | '_ \/ _` | \ \ \ \
 \\/  ___)| |_)| | | | | || (_| |  ) ) ) )
  '  |____| .__|_| |_|_| |_\__, | / / / /
 =========|_|==============|___/=/_/_/_/
 :: Spring Boot ::                (v2.6.3)

2022-06-20 08:20:26.037  INFO 2603 --- [    Test worker] c.o.csvtoapi.CsvtoapiApplicationTests    : Starting CsvtoapiApplicationTests using Java 1.8.0_312 on oc-test with PID 2603 (started by root in /var/csv2api)
2022-06-20 08:20:26.038  INFO 2603 --- [    Test worker] c.o.csvtoapi.CsvtoapiApplicationTests    : No active profile set, falling back to default profiles: default
2022-06-20 08:20:28.003  INFO 2603 --- [    Test worker] c.o.csvtoapi.CsvtoapiApplicationTests    : Started CsvtoapiApplicationTests in 2.482 seconds (JVM running for 3.89)
]]></system-out>
  <system-err><![CDATA[]]></system-err>
</testsuite>
